This is pdfTeX, Version 3.1415926-2.4-1.40.13 (TeX Live 2012/Debian) (format=pdflatex 2014.9.5)  8 SEP 2014 08:54
entering extended mode
 restricted \write18 enabled.
 %&-line parsing enabled.
**algo1-cmds.tex
(./algo1-cmds.tex
LaTeX2e <2011/06/27>
Babel <v3.8m> and hyphenation patterns for english, dumylang, nohyphenation, lo
aded.
\c@exercise=\count79
)
! Emergency stop.
<*> algo1-cmds.tex
                  
*** (job aborted, no legal \end found)

 
Here is how much of TeX's memory you used:
 105 strings out of 495059
 872 string characters out of 3182031
 45057 words of memory out of 3000000
 3388 multiletter control sequences out of 15000+200000
 3640 words of font info for 14 fonts, out of 3000000 for 9000
 14 hyphenation exceptions out of 8191
 9i,0n,11p,108b,8s stack positions out of 5000i,500n,10000p,200000b,50000s
!  ==> Fatal error occurred, no output PDF file produced!
